<?xml version="1.0" encoding="UTF-8"?>
<!-- Generated by org.testng.reporters.JUnitXMLReporter -->
<testsuite ignored="4" hostname="SarthakDell" failures="1" tests="1" name="Test(failed)" time="8.023" errors="0" timestamp="2025-04-09T21:52:26 EDT">
  <testcase classname="com.automation.Day21_Apr_9th_2025_Maven_SureFire_Plugin.LoginTest" name="verifyLoginWithNoCredentials" time="1.197">
    <failure type="java.lang.AssertionError" message="expected [Warning: No match for E-Mail Address and/or Password.abcdefg] but found [Warning: No match for E-Mail Address and/or Password.]">
      <![CDATA[java.lang.AssertionError: expected [Warning: No match for E-Mail Address and/or Password.abcdefg] but found [Warning: No match for E-Mail Address and/or Password.]
at com.automation.Day21_Apr_9th_2025_Maven_SureFire_Plugin.LoginTest.verifyLoginWithNoCredentials(LoginTest.java:73)
at java.base/java.util.ArrayList.forEach(ArrayList.java:1596)
... Removed 35 stack frames]]>
    </failure>
  </testcase> <!-- verifyLoginWithNoCredentials -->
  <testcase classname="com.automation.Day21_Apr_9th_2025_Maven_SureFire_Plugin.LoginTest" name="verifyLoginWithInvalidEmailValidPassword" time="0.0">
    <ignored/>
  </testcase> <!-- verifyLoginWithInvalidEmailValidPassword -->
  <testcase classname="com.automation.Day21_Apr_9th_2025_Maven_SureFire_Plugin.LoginTest" name="verifyLoginWithInvalidCredentials" time="0.0">
    <ignored/>
  </testcase> <!-- verifyLoginWithInvalidCredentials -->
  <testcase classname="com.automation.Day21_Apr_9th_2025_Maven_SureFire_Plugin.LoginTest" name="verifyLoginWithValidCredentials" time="0.0">
    <ignored/>
  </testcase> <!-- verifyLoginWithValidCredentials -->
  <testcase classname="com.automation.Day21_Apr_9th_2025_Maven_SureFire_Plugin.LoginTest" name="verifyLoginWithValidEmailInvalidPassword" time="0.0">
    <ignored/>
  </testcase> <!-- verifyLoginWithValidEmailInvalidPassword -->
</testsuite> <!-- Test(failed) -->
