<?xml version="1.0" encoding="UTF-8"?>
<!-- Generated by org.testng.reporters.JUnitXMLReporter -->
<testsuite ignored="2" hostname="SarthakDell" failures="0" tests="1" name="Default test" time="3.343" errors="0" timestamp="2025-04-01T22:07:35 EDT">
  <testcase classname="com.automation.Day18_Apr_1st_2025_Actions_Class.Mouse_Actions" name="dragAndDropForTwoEntities" time="3.248"/>
  <testcase classname="com.automation.Day18_Apr_1st_2025_Actions_Class.Mouse_Actions" name="DragAndDrop" time="0.0">
    <ignored/>
  </testcase> <!-- DragAndDrop -->
  <testcase classname="com.automation.Day18_Apr_1st_2025_Actions_Class.Mouse_Actions" name="mouseActionsOperations" time="0.0">
    <ignored/>
  </testcase> <!-- mouseActionsOperations -->
</testsuite> <!-- Default test -->
