<?xml version="1.0" encoding="UTF-8"?>
<!-- Generated by org.testng.reporters.JUnitXMLReporter -->
<testsuite ignored="0" hostname="SarthakDell" failures="0" tests="13" name="Test" time="83.342" errors="0" timestamp="2025-04-01T20:40:21 EDT">
  <testcase classname="com.automation.Day18_Apr_1st_2025_Application_of_OOPs_in_Automation.LoginTest" name="verifyLoginWithValidCredentials" time="2.951"/>
  <testcase classname="com.automation.Day18_Apr_1st_2025_Application_of_OOPs_in_Automation.LoginTest" name="verifyLoginWithInvalidEmailValidPassword" time="1.083"/>
  <testcase classname="com.automation.Day18_Apr_1st_2025_Application_of_OOPs_in_Automation.LoginTest" name="verifyLoginWithValidEmailInvalidPassword" time="1.103"/>
  <testcase classname="com.automation.Day18_Apr_1st_2025_Application_of_OOPs_in_Automation.LoginTest" name="verifyLoginWithValidInvalidCredentials" time="1.052"/>
  <testcase classname="com.automation.Day18_Apr_1st_2025_Application_of_OOPs_in_Automation.LoginTest" name="verifyLoginWithValidNoCredentials" time="1.122"/>
  <testcase classname="com.automation.Day18_Apr_1st_2025_Application_of_OOPs_in_Automation.RegisterTest" name="verifyRegisterWithMandatoryDetails" time="2.034"/>
  <testcase classname="com.automation.Day18_Apr_1st_2025_Application_of_OOPs_in_Automation.RegisterTest" name="verifyRegisterWithAllDetails" time="1.761"/>
  <testcase classname="com.automation.Day18_Apr_1st_2025_Application_of_OOPs_in_Automation.RegisterTest" name="verifyRegisterWithExistingEmail" time="1.33"/>
  <testcase classname="com.automation.Day18_Apr_1st_2025_Application_of_OOPs_in_Automation.RegisterTest" name="verifyRegisterWithIncorrectConfirmPasswored" time="1.307"/>
  <testcase classname="com.automation.Day18_Apr_1st_2025_Application_of_OOPs_in_Automation.RegisterTest" name="verifyRegisterWithNoDetails" time="2.645"/>
  <testcase classname="com.automation.Day18_Apr_1st_2025_Application_of_OOPs_in_Automation.SearchTest" name="verifySearchOfValidProduct" time="0.657"/>
  <testcase classname="com.automation.Day18_Apr_1st_2025_Application_of_OOPs_in_Automation.SearchTest" name="verifySearchOfInvalidProduct" time="0.633"/>
  <testcase classname="com.automation.Day18_Apr_1st_2025_Application_of_OOPs_in_Automation.SearchTest" name="verifySearchOfNoProduct" time="0.623"/>
</testsuite> <!-- Test -->
