<?xml version="1.0" encoding="UTF-8"?>
<!-- Generated by org.testng.reporters.JUnitXMLReporter -->
<testsuite ignored="4" hostname="SarthakDell" failures="0" tests="7" name="Batch Test" time="53.967" errors="0" timestamp="2025-03-19T21:26:18 EDT">
  <testcase classname="com.automation.Day15_Mar_19th_2025_TestNG_Batch_Execution.Login_TN" name="verifyLoginWithNoCredentials" time="1.153"/>
  <testcase classname="com.automation.Day15_Mar_19th_2025_TestNG_Batch_Execution.SearchProduct_TN" name="verifySearchOfValidProduct" time="1.032"/>
  <testcase classname="com.automation.Day15_Mar_19th_2025_TestNG_Batch_Execution.SearchProduct_TN" name="verifySearchOfInvalidProduct" time="0.725"/>
  <testcase classname="com.automation.Day15_Mar_19th_2025_TestNG_Batch_Execution.SearchProduct_TN" name="verifySearchOfNoProduct" time="0.615"/>
  <testcase classname="com.automation.Day15_Mar_19th_2025_TestNG_Batch_Execution.Register_TN" name="registerWithMandatoryDetails" time="1.982"/>
  <testcase classname="com.automation.Day15_Mar_19th_2025_TestNG_Batch_Execution.Register_TN" name="registerWithAllDetails" time="2.102"/>
  <testcase classname="com.automation.Day15_Mar_19th_2025_TestNG_Batch_Execution.Register_TN" name="registerWithNoDetails" time="1.058"/>
  <testcase classname="com.automation.Day15_Mar_19th_2025_TestNG_Batch_Execution.Login_TN" name="verifyLoginWithValidCredentials" time="0.0">
    <ignored/>
  </testcase> <!-- verifyLoginWithValidCredentials -->
  <testcase classname="com.automation.Day15_Mar_19th_2025_TestNG_Batch_Execution.Login_TN" name="verifyLoginWithInvalidCredentials" time="0.0">
    <ignored/>
  </testcase> <!-- verifyLoginWithInvalidCredentials -->
  <testcase classname="com.automation.Day15_Mar_19th_2025_TestNG_Batch_Execution.Login_TN" name="verifyLoginWithValidEmailInvalidPassword" time="0.0">
    <ignored/>
  </testcase> <!-- verifyLoginWithValidEmailInvalidPassword -->
  <testcase classname="com.automation.Day15_Mar_19th_2025_TestNG_Batch_Execution.Login_TN" name="verifyLoginWithInvalidEmailValidPassword" time="0.0">
    <ignored/>
  </testcase> <!-- verifyLoginWithInvalidEmailValidPassword -->
</testsuite> <!-- Batch Test -->
