<?xml version="1.0" encoding="UTF-8"?>
<!-- Generated by org.testng.reporters.JUnitXMLReporter -->
<testsuite ignored="0" hostname="SarthakDell" failures="0" tests="2" name="Parameterization Test" time="17.513" errors="0" timestamp="2025-03-19T22:02:43 EDT">
  <testcase classname="com.automation.Day15_Mar_19th_2025_TestNG_Parameterization.Topic1_TN" name="loginTest" time="6.956"/>
  <testcase classname="com.automation.Day15_Mar_19th_2025_TestNG_Parameterization.Topic1_TN" name="resgisterTest" time="7.973"/>
</testsuite> <!-- Parameterization Test -->
