<?xml version="1.0" encoding="UTF-8"?>
<!-- Generated by org.testng.reporters.JUnitXMLReporter -->
<testsuite ignored="0" hostname="SarthakDell" failures="1" tests="5" name="Test" time="35.403" errors="0" timestamp="2025-04-09T21:45:27 EDT">
  <testcase classname="com.automation.Day21_Apr_9th_2025_Maven_SureFire_Plugin.LoginTest" name="verifyLoginWithValidCredentials" time="2.179"/>
  <testcase classname="com.automation.Day21_Apr_9th_2025_Maven_SureFire_Plugin.LoginTest" name="verifyLoginWithInvalidCredentials" time="1.567"/>
  <testcase classname="com.automation.Day21_Apr_9th_2025_Maven_SureFire_Plugin.LoginTest" name="verifyLoginWithValidEmailInvalidPassword" time="1.471"/>
  <testcase classname="com.automation.Day21_Apr_9th_2025_Maven_SureFire_Plugin.LoginTest" name="verifyLoginWithInvalidEmailValidPassword" time="1.512"/>
  <testcase classname="com.automation.Day21_Apr_9th_2025_Maven_SureFire_Plugin.LoginTest" name="verifyLoginWithNoCredentials" time="1.107">
    <failure type="java.lang.AssertionError" message="expected [Warning: No match for E-Mail Address and/or Password.abcdefg] but found [Warning: No match for E-Mail Address and/or Password.]">
      <![CDATA[java.lang.AssertionError: expected [Warning: No match for E-Mail Address and/or Password.abcdefg] but found [Warning: No match for E-Mail Address and/or Password.]
at com.automation.Day21_Apr_9th_2025_Maven_SureFire_Plugin.LoginTest.verifyLoginWithNoCredentials(LoginTest.java:73)
at java.base/java.util.ArrayList.forEach(ArrayList.java:1596)
... Removed 35 stack frames]]>
    </failure>
  </testcase> <!-- verifyLoginWithNoCredentials -->
</testsuite> <!-- Test -->
