<?xml version="1.0" encoding="UTF-8"?>
<testng-results ignored="1" total="2" passed="1" failed="0" skipped="0">
  <reporter-output>
  </reporter-output>
  <suite started-at="2025-04-08T20:56:33 EDT" name="Default suite" finished-at="2025-04-08T20:56:55 EDT" duration-ms="21051">
    <groups>
    </groups>
    <test started-at="2025-04-08T20:56:33 EDT" name="Default test" finished-at="2025-04-08T20:56:55 EDT" duration-ms="21051">
      <class name="com.automation.Day20_Apr_8th_2025_Calendar.Invalid_Date">
        <test-method signature="pickthedate()[pri:0, instance:com.automation.Day20_Apr_8th_2025_Calendar.Invalid_Date@6c6cb480]" started-at="2025-04-08T20:56:34 EDT" name="pickthedate" finished-at="2025-04-08T20:56:55 EDT" duration-ms="20976" status="PASS">
          <reporter-output>
          </reporter-output>
        </test-method> <!-- pickthedate -->
      </class> <!-- com.automation.Day20_Apr_8th_2025_Calendar.Invalid_Date -->
    </test> <!-- Default test -->
  </suite> <!-- Default suite -->
</testng-results>
